This is pdfTeX, Version 3.141592653-2.6-1.40.24 (TeX Live 2022) (preloaded format=pdflatex 2023.3.19)  19 MAY 2023 00:27
entering extended mode
 \write18 enabled.
 %&-line parsing enabled.
**report
(./report.tex
LaTeX2e <2022-11-01> patch level 1
L3 programming layer <2023-02-22>
(c:/Program Files/texlive/2022/texmf-dist/tex/latex/base/article.cls
Document Class: article 2022/07/02 v1.4n Standard LaTeX document class
(c:/Program Files/texlive/2022/texmf-dist/tex/latex/base/size10.clo
File: size10.clo 2022/07/02 v1.4n Standard LaTeX file (size option)
)
\c@part=\count185
\c@section=\count186
\c@subsection=\count187
\c@subsubsection=\count188
\c@paragraph=\count189
\c@subparagraph=\count190
\c@figure=\count191
\c@table=\count192
\abovecaptionskip=\skip48
\belowcaptionskip=\skip49
\bibindent=\dimen140
)
(c:/Program Files/texlive/2022/texmf-dist/tex/latex/base/inputenc.sty
Package: inputenc 2021/02/14 v1.3d Input encoding file
\inpenc@prehook=\toks16
\inpenc@posthook=\toks17
)
(c:/Program Files/texlive/2022/texmf-dist/tex/latex/geometry/geometry.sty
Package: geometry 2020/01/02 v5.9 Page Geometry

(c:/Program Files/texlive/2022/texmf-dist/tex/latex/graphics/keyval.sty
Package: keyval 2022/05/29 v1.15 key=value parser (DPC)
\KV@toks@=\toks18
)
(c:/Program Files/texlive/2022/texmf-dist/tex/generic/iftex/ifvtex.sty
Package: ifvtex 2019/10/25 v1.7 ifvtex legacy package. Use iftex instead.

(c:/Program Files/texlive/2022/texmf-dist/tex/generic/iftex/iftex.sty
Package: iftex 2022/02/03 v1.0f TeX engine tests
))
\Gm@cnth=\count193
\Gm@cntv=\count194
\c@Gm@tempcnt=\count195
\Gm@bindingoffset=\dimen141
\Gm@wd@mp=\dimen142
\Gm@odd@mp=\dimen143
\Gm@even@mp=\dimen144
\Gm@layoutwidth=\dimen145
\Gm@layoutheight=\dimen146
\Gm@layouthoffset=\dimen147
\Gm@layoutvoffset=\dimen148
\Gm@dimlist=\toks19
)
(c:/Program Files/texlive/2022/texmf-dist/tex/latex/graphics/graphicx.sty
Package: graphicx 2021/09/16 v1.2d Enhanced LaTeX Graphics (DPC,SPQR)

(c:/Program Files/texlive/2022/texmf-dist/tex/latex/graphics/graphics.sty
Package: graphics 2022/03/10 v1.4e Standard LaTeX Graphics (DPC,SPQR)

(c:/Program Files/texlive/2022/texmf-dist/tex/latex/graphics/trig.sty
Package: trig 2021/08/11 v1.11 sin cos tan (DPC)
)
(c:/Program Files/texlive/2022/texmf-dist/tex/latex/graphics-cfg/graphics.cfg
File: graphics.cfg 2016/06/04 v1.11 sample graphics configuration
)
Package graphics Info: Driver file: pdftex.def on input line 107.

(c:/Program Files/texlive/2022/texmf-dist/tex/latex/graphics-def/pdftex.def
File: pdftex.def 2022/09/22 v1.2b Graphics/color driver for pdftex
))
\Gin@req@height=\dimen149
\Gin@req@width=\dimen150
)
(c:/Program Files/texlive/2022/texmf-dist/tex/latex/natbib/natbib.sty
Package: natbib 2010/09/13 8.31b (PWD, AO)
\bibhang=\skip50
\bibsep=\skip51
LaTeX Info: Redefining \cite on input line 694.
\c@NAT@ctr=\count196
)
(c:/Program Files/texlive/2022/texmf-dist/tex/generic/babel/babel.sty
Package: babel 2023/02/13 3.86 The Babel package
\babel@savecnt=\count197
\U@D=\dimen151
\l@unhyphenated=\language87

(c:/Program Files/texlive/2022/texmf-dist/tex/generic/babel/txtbabel.def)
\bbl@readstream=\read2
\bbl@dirlevel=\count198

(c:/Program Files/texlive/2022/texmf-dist/tex/generic/babel-french/french.ldf
Language: french 2023/03/08 v3.5q French support from the babel system
Package babel Info: Hyphen rules for 'acadian' set to \l@french
(babel)             (\language29). Reported on input line 91.
Package babel Info: Hyphen rules for 'canadien' set to \l@french
(babel)             (\language29). Reported on input line 92.
\FB@nonchar=\count199
Package babel Info: Making : an active character on input line 395.
Package babel Info: Making ; an active character on input line 396.
Package babel Info: Making ! an active character on input line 397.
Package babel Info: Making ? an active character on input line 398.
\FBguill@level=\count266
\FBold@everypar=\toks20
\FB@Mht=\dimen152
\mc@charclass=\count267
\mc@charfam=\count268
\mc@charslot=\count269
\std@mcc=\count270
\dec@mcc=\count271
\FB@parskip=\dimen153
\listindentFB=\dimen154
\descindentFB=\dimen155
\labelindentFB=\dimen156
\labelwidthFB=\dimen157
\leftmarginFB=\dimen158
\parindentFFN=\dimen159
\FBfnindent=\dimen160
))
(c:/Program Files/texlive/2022/texmf-dist/tex/generic/babel/locale/fr/babel-fre
nch.tex
Package babel Info: Importing font and identification data for french
(babel)             from babel-fr.ini. Reported on input line 11.
)
(c:/Program Files/texlive/2022/texmf-dist/tex/latex/carlisle/scalefnt.sty)
(c:/Program Files/texlive/2022/texmf-dist/tex/latex/base/fontenc.sty
Package: fontenc 2021/04/29 v2.0v Standard LaTeX package
)
(c:/Program Files/texlive/2022/texmf-dist/tex/latex/amsfonts/amssymb.sty
Package: amssymb 2013/01/14 v3.01 AMS font symbols

(c:/Program Files/texlive/2022/texmf-dist/tex/latex/amsfonts/amsfonts.sty
Package: amsfonts 2013/01/14 v3.01 Basic AMSFonts support
\@emptytoks=\toks21
\symAMSa=\mathgroup4
\symAMSb=\mathgroup5
LaTeX Font Info:    Redeclaring math symbol \hbar on input line 98.
LaTeX Font Info:    Overwriting math alphabet `\mathfrak' in version `bold'
(Font)                  U/euf/m/n --> U/euf/b/n on input line 106.
))
(c:/Program Files/texlive/2022/texmf-dist/tex/latex/amsmath/amsmath.sty
Package: amsmath 2022/04/08 v2.17n AMS math features
\@mathmargin=\skip52

For additional information on amsmath, use the `?' option.
(c:/Program Files/texlive/2022/texmf-dist/tex/latex/amsmath/amstext.sty
Package: amstext 2021/08/26 v2.01 AMS text

(c:/Program Files/texlive/2022/texmf-dist/tex/latex/amsmath/amsgen.sty
File: amsgen.sty 1999/11/30 v2.0 generic functions
\@emptytoks=\toks22
\ex@=\dimen161
))
(c:/Program Files/texlive/2022/texmf-dist/tex/latex/amsmath/amsbsy.sty
Package: amsbsy 1999/11/29 v1.2d Bold Symbols
\pmbraise@=\dimen162
)
(c:/Program Files/texlive/2022/texmf-dist/tex/latex/amsmath/amsopn.sty
Package: amsopn 2022/04/08 v2.04 operator names
)
\inf@bad=\count272
LaTeX Info: Redefining \frac on input line 234.
\uproot@=\count273
\leftroot@=\count274
LaTeX Info: Redefining \overline on input line 399.
LaTeX Info: Redefining \colon on input line 410.
\classnum@=\count275
\DOTSCASE@=\count276
LaTeX Info: Redefining \ldots on input line 496.
LaTeX Info: Redefining \dots on input line 499.
LaTeX Info: Redefining \cdots on input line 620.
\Mathstrutbox@=\box51
\strutbox@=\box52
LaTeX Info: Redefining \big on input line 722.
LaTeX Info: Redefining \Big on input line 723.
LaTeX Info: Redefining \bigg on input line 724.
LaTeX Info: Redefining \Bigg on input line 725.
\big@size=\dimen163
LaTeX Font Info:    Redeclaring font encoding OML on input line 743.
LaTeX Font Info:    Redeclaring font encoding OMS on input line 744.
\macc@depth=\count277
LaTeX Info: Redefining \bmod on input line 905.
LaTeX Info: Redefining \pmod on input line 910.
LaTeX Info: Redefining \smash on input line 940.
LaTeX Info: Redefining \relbar on input line 970.
LaTeX Info: Redefining \Relbar on input line 971.
\c@MaxMatrixCols=\count278
\dotsspace@=\muskip16
\c@parentequation=\count279
\dspbrk@lvl=\count280
\tag@help=\toks23
\row@=\count281
\column@=\count282
\maxfields@=\count283
\andhelp@=\toks24
\eqnshift@=\dimen164
\alignsep@=\dimen165
\tagshift@=\dimen166
\tagwidth@=\dimen167
\totwidth@=\dimen168
\lineht@=\dimen169
\@envbody=\toks25
\multlinegap=\skip53
\multlinetaggap=\skip54
\mathdisplay@stack=\toks26
LaTeX Info: Redefining \[ on input line 2953.
LaTeX Info: Redefining \] on input line 2954.
)
(c:/Program Files/texlive/2022/texmf-dist/tex/latex/amscls/amsthm.sty
Package: amsthm 2020/05/29 v2.20.6
\thm@style=\toks27
\thm@bodyfont=\toks28
\thm@headfont=\toks29
\thm@notefont=\toks30
\thm@headpunct=\toks31
\thm@preskip=\skip55
\thm@postskip=\skip56
\thm@headsep=\skip57
\dth@everypar=\toks32
)
(c:/Program Files/texlive/2022/texmf-dist/tex/generic/systeme/systeme.sty
(c:/Program Files/texlive/2022/texmf-dist/tex/generic/xstring/xstring.sty
(c:/Program Files/texlive/2022/texmf-dist/tex/generic/xstring/xstring.tex
\integerpart=\count284
\decimalpart=\count285
)
Package: xstring 2023/01/14 v1.85 String manipulations (CT)
)
(c:/Program Files/texlive/2022/texmf-dist/tex/generic/systeme/systeme.tex
\SYS_systemecode=\toks33
\SYS_systempreamble=\toks34
\SYSeqnum=\count286
)
Package: systeme 2020/05/03 v0.34 Mise en forme de systemes d'equations (CT)
)
(c:/Program Files/texlive/2022/texmf-dist/tex/latex/bbm-macros/bbm.sty
Package: bbm 1999/03/15 V 1.2 provides fonts for set symbols - TH
LaTeX Font Info:    Overwriting math alphabet `\mathbbm' in version `bold'
(Font)                  U/bbm/m/n --> U/bbm/bx/n on input line 33.
LaTeX Font Info:    Overwriting math alphabet `\mathbbmss' in version `bold'
(Font)                  U/bbmss/m/n --> U/bbmss/bx/n on input line 35.
)
(c:/Program Files/texlive/2022/texmf-dist/tex/latex/media9/media9.sty
Package: media9 2022/08/04 v1.25 acrobat-9/X compatible media
\g_mix_pkgresizeflag_int=\count287

(c:/Program Files/texlive/2022/texmf-dist/tex/latex/media9/pdfbase.sty
Package: pdfbase 2022/08/04 v0.55 driver independent access to low-level PDF fe
atures

(c:/Program Files/texlive/2022/texmf-dist/tex/latex/l3backend/l3backend-pdftex.
def
File: l3backend-pdftex.def 2023-01-16 L3 backend support: PDF output (pdfTeX)
\l__color_backend_stack_int=\count288
\l__pdf_internal_box=\box53
)
\g_pbs_page_int=\count289
\g_pbs_oc_int=\count290
) (c:/Program Files/texlive/2022/texmf-dist/tex/latex/ocgx2/ocgbase.sty
Package: ocgbase 2022/08/04 v0.22 support package for ocgx2.sty
\g_ocgbase_nd_int=\count291
)
\l_mix_poster_box=\box54
\g_mix_wd_dim=\dimen170
\g_mix_ht_dim=\dimen171
\g_mix_dp_dim=\dimen172
\g_mix_rmcnt_int=\count292
\l_mix_viewcnt_int=\count293
\g@mix@page@int=\count294
\g_mix_resizeflag_int=\count295
\l_mix_lineno_int=\count296
\l_mix_pbtn_box=\box55
\g_mix_mbtncnt_int=\count297
\mix@btn@dim=\dimen173
)
(c:/Program Files/texlive/2022/texmf-dist/tex/latex/makecell/makecell.sty
Package: makecell 2009/08/03 V0.1e Managing of Tab Column Heads and Cells

(c:/Program Files/texlive/2022/texmf-dist/tex/latex/tools/array.sty
Package: array 2022/09/04 v2.5g Tabular extension package (FMi)
\col@sep=\dimen174
\ar@mcellbox=\box56
\extrarowheight=\dimen175
\NC@list=\toks35
\extratabsurround=\skip58
\backup@length=\skip59
\ar@cellbox=\box57
)
\rotheadsize=\dimen176
\c@nlinenum=\count298
\TeXr@lab=\toks36
)
(c:/Program Files/texlive/2022/texmf-dist/tex/latex/url/url.sty
\Urlmuskip=\muskip17
Package: url 2013/09/16  ver 3.4  Verb mode for urls, etc.
)
(c:/Program Files/texlive/2022/texmf-dist/tex/latex/minted/minted.sty
Package: minted 2022/12/12 v2.7 Yet another Pygments shim for LaTeX

(c:/Program Files/texlive/2022/texmf-dist/tex/latex/kvoptions/kvoptions.sty
Package: kvoptions 2022-06-15 v3.15 Key value format for package options (HO)

(c:/Program Files/texlive/2022/texmf-dist/tex/generic/ltxcmds/ltxcmds.sty
Package: ltxcmds 2020-05-10 v1.25 LaTeX kernel commands for general use (HO)
)
(c:/Program Files/texlive/2022/texmf-dist/tex/latex/kvsetkeys/kvsetkeys.sty
Package: kvsetkeys 2022-10-05 v1.19 Key value parser (HO)
))
(c:/Program Files/texlive/2022/texmf-dist/tex/latex/fvextra/fvextra.sty
Package: fvextra 2022/11/30 v1.5 fvextra - extensions and patches for fancyvrb

(c:/Program Files/texlive/2022/texmf-dist/tex/latex/etoolbox/etoolbox.sty
Package: etoolbox 2020/10/05 v2.5k e-TeX tools for LaTeX (JAW)
\etb@tempcnta=\count299
)
(c:/Program Files/texlive/2022/texmf-dist/tex/latex/fancyvrb/fancyvrb.sty
Package: fancyvrb 2023/01/19 4.5a verbatim text (tvz,hv)
\FV@CodeLineNo=\count300
\FV@InFile=\read3
\FV@TabBox=\box58
\c@FancyVerbLine=\count301
\FV@StepNumber=\count302
\FV@OutFile=\write3
)
(c:/Program Files/texlive/2022/texmf-dist/tex/latex/upquote/upquote.sty
Package: upquote 2012/04/19 v1.3 upright-quote and grave-accent glyphs in verba
tim

(c:/Program Files/texlive/2022/texmf-dist/tex/latex/base/textcomp.sty
Package: textcomp 2020/02/02 v2.0n Standard LaTeX package
))
(c:/Program Files/texlive/2022/texmf-dist/tex/latex/lineno/lineno.sty
Package: lineno 2023/01/19 line numbers on paragraphs v5.1
\linenopenalty=\count303
\output=\toks37
\linenoprevgraf=\count304
\linenumbersep=\dimen177
\linenumberwidth=\dimen178
\c@linenumber=\count305
\c@pagewiselinenumber=\count306
\c@LN@truepage=\count307
\c@internallinenumber=\count308
\c@internallinenumbers=\count309
\quotelinenumbersep=\dimen179
\bframerule=\dimen180
\bframesep=\dimen181
\bframebox=\box59
\linenoamsmath@ams@eqpen=\count310
LaTeX Info: Redefining \\ on input line 3131.
)
\c@FV@TrueTabGroupLevel=\count311
\c@FV@TrueTabCounter=\count312
\FV@TabBox@Group=\box60
\FV@TmpLength=\skip60
\c@FV@HighlightLinesStart=\count313
\c@FV@HighlightLinesStop=\count314
\FV@LoopCount=\count315
\FV@NCharsBox=\box61
\FV@BreakIndent=\dimen182
\FV@BreakIndentNChars=\count316
\FV@BreakSymbolSepLeft=\dimen183
\FV@BreakSymbolSepLeftNChars=\count317
\FV@BreakSymbolSepRight=\dimen184
\FV@BreakSymbolSepRightNChars=\count318
\FV@BreakSymbolIndentLeft=\dimen185
\FV@BreakSymbolIndentLeftNChars=\count319
\FV@BreakSymbolIndentRight=\dimen186
\FV@BreakSymbolIndentRightNChars=\count320
\c@FancyVerbLineBreakLast=\count321
\FV@LineBox=\box62
\FV@LineIndentBox=\box63
\c@FV@BreakBufferDepth=\count322
\FV@LineWidth=\dimen187
)
(c:/Program Files/texlive/2022/texmf-dist/tex/latex/base/ifthen.sty
Package: ifthen 2022/04/13 v1.1d Standard LaTeX ifthen package (DPC)
)
(c:/Program Files/texlive/2022/texmf-dist/tex/latex/tools/calc.sty
Package: calc 2017/05/25 v4.3 Infix arithmetic (KKT,FJ)
\calc@Acount=\count323
\calc@Bcount=\count324
\calc@Adimen=\dimen188
\calc@Bdimen=\dimen189
\calc@Askip=\skip61
\calc@Bskip=\skip62
LaTeX Info: Redefining \setlength on input line 80.
LaTeX Info: Redefining \addtolength on input line 81.
\calc@Ccount=\count325
\calc@Cskip=\skip63
)
(c:/Program Files/texlive/2022/texmf-dist/tex/latex/tools/shellesc.sty
Package: shellesc 2019/11/08 v1.0c unified shell escape interface for LaTeX
Package shellesc Info: Unrestricted shell escape enabled on input line 75.
)
(c:/Program Files/texlive/2022/texmf-dist/tex/latex/ifplatform/ifplatform.sty
Package: ifplatform 2017/10/13 v0.4a Testing for the operating system

(c:/Program Files/texlive/2022/texmf-dist/tex/generic/pdftexcmds/pdftexcmds.sty
Package: pdftexcmds 2020-06-27 v0.33 Utility functions of pdfTeX for LuaTeX (HO
)
(c:/Program Files/texlive/2022/texmf-dist/tex/generic/infwarerr/infwarerr.sty
Package: infwarerr 2019/12/03 v1.5 Providing info/warning/error messages (HO)
)
Package pdftexcmds Info: \pdf@primitive is available.
Package pdftexcmds Info: \pdf@ifprimitive is available.
Package pdftexcmds Info: \pdfdraftmode found.
) (c:/Program Files/texlive/2022/texmf-dist/tex/generic/catchfile/catchfile.sty
Package: catchfile 2019/12/09 v1.8 Catch the contents of a file (HO)

(c:/Program Files/texlive/2022/texmf-dist/tex/generic/etexcmds/etexcmds.sty
Package: etexcmds 2019/12/15 v1.7 Avoid name clashes with e-TeX commands (HO)
))
(c:/Program Files/texlive/2022/texmf-dist/tex/generic/iftex/ifluatex.sty
Package: ifluatex 2019/10/25 v1.5 ifluatex legacy package. Use iftex instead.
))
(c:/Program Files/texlive/2022/texmf-dist/tex/latex/framed/framed.sty
Package: framed 2011/10/22 v 0.96: framed or shaded text with page breaks
\OuterFrameSep=\skip64
\fb@frw=\dimen190
\fb@frh=\dimen191
\FrameRule=\dimen192
\FrameSep=\dimen193
)
(c:/Program Files/texlive/2022/texmf-dist/tex/latex/float/float.sty
Package: float 2001/11/08 v1.3d Float enhancements (AL)
\c@float@type=\count326
\float@exts=\toks38
\float@box=\box64
\@float@everytoks=\toks39
\@floatcapt=\box65
)
\minted@appexistsfile=\read4
\minted@bgbox=\box66
\minted@code=\write4
\c@minted@FancyVerbLineTemp=\count327
\c@minted@pygmentizecounter=\count328
\@float@every@listing=\toks40
\c@listing=\count329
)
runsystem(if not exist _minted-report mkdir _minted-report)...executed.


(c:/Program Files/texlive/2022/texmf-dist/tex/latex/xcolor/xcolor.sty
Package: xcolor 2022/06/12 v2.14 LaTeX color extensions (UK)

(c:/Program Files/texlive/2022/texmf-dist/tex/latex/graphics-cfg/color.cfg
File: color.cfg 2016/01/02 v1.6 sample color configuration
)
Package xcolor Info: Driver file: pdftex.def on input line 227.

(c:/Program Files/texlive/2022/texmf-dist/tex/latex/graphics/mathcolor.ltx)
Package xcolor Info: Model `cmy' substituted by `cmy0' on input line 1353.
Package xcolor Info: Model `hsb' substituted by `rgb' on input line 1357.
Package xcolor Info: Model `RGB' extended on input line 1369.
Package xcolor Info: Model `HTML' substituted by `rgb' on input line 1371.
Package xcolor Info: Model `Hsb' substituted by `hsb' on input line 1372.
Package xcolor Info: Model `tHsb' substituted by `hsb' on input line 1373.
Package xcolor Info: Model `HSB' substituted by `hsb' on input line 1374.
Package xcolor Info: Model `Gray' substituted by `gray' on input line 1375.
Package xcolor Info: Model `wave' substituted by `hsb' on input line 1376.
)
(c:/Program Files/texlive/2022/texmf-dist/tex/latex/wrapfig/wrapfig.sty
\wrapoverhang=\dimen194
\WF@size=\dimen195
\c@WF@wrappedlines=\count330
\WF@box=\box67
\WF@everypar=\toks41
Package: wrapfig 2003/01/31  v 3.6
)
(c:/Program Files/texlive/2022/texmf-dist/tex/latex/csquotes/csquotes.sty
Package: csquotes 2022-09-14 v5.2n context-sensitive quotations (JAW)
\csq@reset=\count331
\csq@gtype=\count332
\csq@glevel=\count333
\csq@qlevel=\count334
\csq@maxlvl=\count335
\csq@tshold=\count336
\csq@ltx@everypar=\toks42

(c:/Program Files/texlive/2022/texmf-dist/tex/latex/csquotes/csquotes.def
File: csquotes.def 2022-09-14 v5.2n csquotes generic definitions (JAW)
)
Package csquotes Info: Trying to load configuration file 'csquotes.cfg'...
Package csquotes Info: ... configuration file loaded successfully.

(c:/Program Files/texlive/2022/texmf-dist/tex/latex/csquotes/csquotes.cfg
File: csquotes.cfg 
))
(c:/Program Files/texlive/2022/texmf-dist/tex/latex/caption/subcaption.sty
Package: subcaption 2022/01/07 v1.5 Sub-captions (AR)

(c:/Program Files/texlive/2022/texmf-dist/tex/latex/caption/caption.sty
Package: caption 2022/03/01 v3.6b Customizing captions (AR)

(c:/Program Files/texlive/2022/texmf-dist/tex/latex/caption/caption3.sty
Package: caption3 2022/03/17 v2.3b caption3 kernel (AR)
\caption@tempdima=\dimen196
\captionmargin=\dimen197
\caption@leftmargin=\dimen198
\caption@rightmargin=\dimen199
\caption@width=\dimen256
\caption@indent=\dimen257
\caption@parindent=\dimen258
\caption@hangindent=\dimen259
Package caption Info: Standard document class detected.
Package caption Info: french babel package is loaded.
)
\c@caption@flags=\count337
\c@continuedfloat=\count338
Package caption Info: float package is loaded.
Package caption Info: wrapfig package is loaded.
)
\c@subfigure=\count339
\c@subtable=\count340
)
(c:/Program Files/texlive/2022/texmf-dist/tex/generic/dirtree/dirtree.sty
Package: dirtree 2012/12/11 v0.32 package wrapper for dirtree

(c:/Program Files/texlive/2022/texmf-dist/tex/generic/dirtree/dirtree.tex
`dirtree' v0.32, 2012/12/11 (jcc)
\DT@offset=\dimen260
\DT@width=\dimen261
\DT@sep=\dimen262
\DT@all=\dimen263
\DT@rulewidth=\dimen264
\DT@dotwidth=\dimen265
\DTbaselineskip=\dimen266
\DT@counti=\count341
\DT@countii=\count342
\DT@countiii=\count343
\DT@countiv=\count344
\DT@indent=\dimen267
\DT@parskip=\dimen268
\DT@baselineskip=\dimen269
)
File: dirtree.tex 2012/12/11 v0.32 `dirtree' (jcc)
)
(c:/Program Files/texlive/2022/texmf-dist/tex/latex/hyperref/hyperref.sty
Package: hyperref 2023-02-07 v7.00v Hypertext links for LaTeX

(c:/Program Files/texlive/2022/texmf-dist/tex/generic/kvdefinekeys/kvdefinekeys
.sty
Package: kvdefinekeys 2019-12-19 v1.6 Define keys (HO)
)
(c:/Program Files/texlive/2022/texmf-dist/tex/generic/pdfescape/pdfescape.sty
Package: pdfescape 2019/12/09 v1.15 Implements pdfTeX's escape features (HO)
)
(c:/Program Files/texlive/2022/texmf-dist/tex/latex/hycolor/hycolor.sty
Package: hycolor 2020-01-27 v1.10 Color options for hyperref/bookmark (HO)
)
(c:/Program Files/texlive/2022/texmf-dist/tex/latex/letltxmacro/letltxmacro.sty
Package: letltxmacro 2019/12/03 v1.6 Let assignment for LaTeX macros (HO)
) (c:/Program Files/texlive/2022/texmf-dist/tex/latex/auxhook/auxhook.sty
Package: auxhook 2019-12-17 v1.6 Hooks for auxiliary files (HO)
)
(c:/Program Files/texlive/2022/texmf-dist/tex/latex/hyperref/nameref.sty
Package: nameref 2022-05-17 v2.50 Cross-referencing by name of section

(c:/Program Files/texlive/2022/texmf-dist/tex/latex/refcount/refcount.sty
Package: refcount 2019/12/15 v3.6 Data extraction from label references (HO)
)
(c:/Program Files/texlive/2022/texmf-dist/tex/generic/gettitlestring/gettitlest
ring.sty
Package: gettitlestring 2019/12/15 v1.6 Cleanup title references (HO)
)
\c@section@level=\count345
)
\@linkdim=\dimen270
\Hy@linkcounter=\count346
\Hy@pagecounter=\count347

(c:/Program Files/texlive/2022/texmf-dist/tex/latex/hyperref/pd1enc.def
File: pd1enc.def 2023-02-07 v7.00v Hyperref: PDFDocEncoding definition (HO)
Now handling font encoding PD1 ...
... no UTF-8 mapping file for font encoding PD1
)
(c:/Program Files/texlive/2022/texmf-dist/tex/generic/intcalc/intcalc.sty
Package: intcalc 2019/12/15 v1.3 Expandable calculations with integers (HO)
)
\Hy@SavedSpaceFactor=\count348

(c:/Program Files/texlive/2022/texmf-dist/tex/latex/hyperref/puenc.def
File: puenc.def 2023-02-07 v7.00v Hyperref: PDF Unicode definition (HO)
Now handling font encoding PU ...
... no UTF-8 mapping file for font encoding PU
)
Package hyperref Info: Hyper figures OFF on input line 4177.
Package hyperref Info: Link nesting OFF on input line 4182.
Package hyperref Info: Hyper index ON on input line 4185.
Package hyperref Info: Plain pages OFF on input line 4192.
Package hyperref Info: Backreferencing OFF on input line 4197.
Package hyperref Info: Implicit mode ON; LaTeX internals redefined.
Package hyperref Info: Bookmarks ON on input line 4425.
\c@Hy@tempcnt=\count349
LaTeX Info: Redefining \url on input line 4763.
\XeTeXLinkMargin=\dimen271

(c:/Program Files/texlive/2022/texmf-dist/tex/generic/bitset/bitset.sty
Package: bitset 2019/12/09 v1.3 Handle bit-vector datatype (HO)

(c:/Program Files/texlive/2022/texmf-dist/tex/generic/bigintcalc/bigintcalc.sty
Package: bigintcalc 2019/12/15 v1.5 Expandable calculations on big integers (HO
)
))
\Fld@menulength=\count350
\Field@Width=\dimen272
\Fld@charsize=\dimen273
Package hyperref Info: Hyper figures OFF on input line 6042.
Package hyperref Info: Link nesting OFF on input line 6047.
Package hyperref Info: Hyper index ON on input line 6050.
Package hyperref Info: backreferencing OFF on input line 6057.
Package hyperref Info: Link coloring OFF on input line 6062.
Package hyperref Info: Link coloring with OCG OFF on input line 6067.
Package hyperref Info: PDF/A mode OFF on input line 6072.
 (c:/Program Files/texlive/2022/texmf-dist/tex/latex/base/atbegshi-ltx.sty
Package: atbegshi-ltx 2021/01/10 v1.0c Emulation of the original atbegshi
package with kernel methods
)
\Hy@abspage=\count351
\c@Item=\count352
\c@Hfootnote=\count353
)
Package hyperref Info: Driver (autodetected): hpdftex.

(c:/Program Files/texlive/2022/texmf-dist/tex/latex/hyperref/hpdftex.def
File: hpdftex.def 2023-02-07 v7.00v Hyperref driver for pdfTeX

(c:/Program Files/texlive/2022/texmf-dist/tex/latex/base/atveryend-ltx.sty
Package: atveryend-ltx 2020/08/19 v1.0a Emulation of the original atveryend pac
kage
with kernel methods
)
\Fld@listcount=\count354
\c@bookmark@seq@number=\count355

(c:/Program Files/texlive/2022/texmf-dist/tex/latex/rerunfilecheck/rerunfileche
ck.sty
Package: rerunfilecheck 2022-07-10 v1.10 Rerun checks for auxiliary files (HO)

(c:/Program Files/texlive/2022/texmf-dist/tex/generic/uniquecounter/uniquecount
er.sty
Package: uniquecounter 2019/12/15 v1.4 Provide unlimited unique counter (HO)
)
Package uniquecounter Info: New unique counter `rerunfilecheck' on input line 2
85.
)
\Hy@SectionHShift=\skip65
)
runsystem(for ^%i in (pygmentize.exe pygmentize.bat pygmentize.cmd) do set > re
port.aex <nul: /p x=^%~$PATH:i>> report.aex)...executed.

runsystem(del report.aex)...executed.

Package csquotes Info: Checking for multilingual support...
Package csquotes Info: ... found 'babel' package.
Package csquotes Info: Adjusting default style.
Package csquotes Info: Redefining alias 'default' -> 'french'.
 (./report.aux)
\openout1 = `report.aux'.

LaTeX Font Info:    Checking defaults for OML/cmm/m/it on input line 43.
LaTeX Font Info:    ... okay on input line 43.
LaTeX Font Info:    Checking defaults for OMS/cmsy/m/n on input line 43.
LaTeX Font Info:    ... okay on input line 43.
LaTeX Font Info:    Checking defaults for OT1/cmr/m/n on input line 43.
LaTeX Font Info:    ... okay on input line 43.
LaTeX Font Info:    Checking defaults for T1/cmr/m/n on input line 43.
LaTeX Font Info:    ... okay on input line 43.
LaTeX Font Info:    Checking defaults for TS1/cmr/m/n on input line 43.
LaTeX Font Info:    ... okay on input line 43.
LaTeX Font Info:    Checking defaults for OMX/cmex/m/n on input line 43.
LaTeX Font Info:    ... okay on input line 43.
LaTeX Font Info:    Checking defaults for U/cmr/m/n on input line 43.
LaTeX Font Info:    ... okay on input line 43.
LaTeX Font Info:    Checking defaults for PD1/pdf/m/n on input line 43.
LaTeX Font Info:    ... okay on input line 43.
LaTeX Font Info:    Checking defaults for PU/pdf/m/n on input line 43.
LaTeX Font Info:    ... okay on input line 43.

*geometry* driver: auto-detecting
*geometry* detected driver: pdftex
*geometry* verbose mode - [ preamble ] result:
* driver: pdftex
* paper: a4paper
* layout: <same size as paper>
* layoutoffset:(h,v)=(0.0pt,0.0pt)
* modes: 
* h-part:(L,W,R)=(71.13188pt, 455.24411pt, 71.13188pt)
* v-part:(T,H,B)=(71.13188pt, 702.78308pt, 71.13188pt)
* \paperwidth=597.50787pt
* \paperheight=845.04684pt
* \textwidth=455.24411pt
* \textheight=702.78308pt
* \oddsidemargin=-1.1381pt
* \evensidemargin=-1.1381pt
* \topmargin=-38.1381pt
* \headheight=12.0pt
* \headsep=25.0pt
* \topskip=10.0pt
* \footskip=30.0pt
* \marginparwidth=65.0pt
* \marginparsep=11.0pt
* \columnsep=10.0pt
* \skip\footins=9.0pt plus 4.0pt minus 2.0pt
* \hoffset=0.0pt
* \voffset=0.0pt
* \mag=1000
* \@twocolumnfalse
* \@twosidefalse
* \@mparswitchfalse
* \@reversemarginfalse
* (1in=72.27pt=25.4mm, 1cm=28.453pt)

(c:/Program Files/texlive/2022/texmf-dist/tex/context/base/mkii/supp-pdf.mkii
[Loading MPS to PDF converter (version 2006.09.02).]
\scratchcounter=\count356
\scratchdimen=\dimen274
\scratchbox=\box68
\nofMPsegments=\count357
\nofMParguments=\count358
\everyMPshowfont=\toks43
\MPscratchCnt=\count359
\MPscratchDim=\dimen275
\MPnumerator=\count360
\makeMPintoPDFobject=\count361
\everyMPtoPDFconversion=\toks44
)
(c:/Program Files/texlive/2022/texmf-dist/tex/latex/epstopdf-pkg/epstopdf-base.
sty
Package: epstopdf-base 2020-01-24 v2.11 Base part for package epstopdf
Package epstopdf-base Info: Redefining graphics rule for `.eps' on input line 4
85.

(c:/Program Files/texlive/2022/texmf-dist/tex/latex/latexconfig/epstopdf-sys.cf
g
File: epstopdf-sys.cfg 2010/07/13 v1.3 Configuration of (r)epstopdf for TeX Liv
e
))
LaTeX Info: Redefining \degres on input line 43.
LaTeX Info: Redefining \up on input line 43.
Package caption Info: Begin \AtBeginDocument code.
Package caption Info: hyperref package is loaded.
Package caption Info: End \AtBeginDocument code.
Package hyperref Info: Link coloring OFF on input line 43.
 (./report.out) (./report.out)
\@outlinefile=\write5
\openout5 = `report.out'.

<./src//neural-network.png, id=72, 385.44pt x 385.44pt>
File: ./src//neural-network.png Graphic file (type png)
<use ./src//neural-network.png>
Package pdftex.def Info: ./src//neural-network.png  used on input line 61.
(pdftex.def)             Requested size: 227.62206pt x 227.61935pt.
<./src//logo.png, id=74, 390.45876pt x 157.58875pt>
File: ./src//logo.png Graphic file (type png)
<use ./src//logo.png>
Package pdftex.def Info: ./src//logo.png  used on input line 66.
(pdftex.def)             Requested size: 136.57462pt x 55.1208pt.
 [1

{c:/Program Files/texlive/2022/texmf-var/fonts/map/pdftex/updmap/pdftex.map} <.
/src//neural-network.png> <./src//logo.png>] (./report.toc
LaTeX Font Info:    Trying to load font information for U+msa on input line 5.

(c:/Program Files/texlive/2022/texmf-dist/tex/latex/amsfonts/umsa.fd
File: umsa.fd 2013/01/14 v3.01 AMS symbols A
)
LaTeX Font Info:    Trying to load font information for U+msb on input line 5.

(c:/Program Files/texlive/2022/texmf-dist/tex/latex/amsfonts/umsb.fd
File: umsb.fd 2013/01/14 v3.01 AMS symbols B
))
\tf@toc=\write6
\openout6 = `report.toc'.


pdfTeX warning (ext4): destination with the same identifier (name{page.1}) has 
been already used, duplicate ignored
<to be read again> 
                   \relax 
l.74 \newpage
              [1]
LaTeX Font Info:    Trying to load font information for T1+cmtt on input line 8
7.

(c:/Program Files/texlive/2022/texmf-dist/tex/latex/base/t1cmtt.fd
File: t1cmtt.fd 2022/07/10 v2.5l Standard LaTeX font definitions
) [2]
<./src//init_type.pdf, id=122, 2865.93538pt x 1267.15952pt>
File: ./src//init_type.pdf Graphic file (type pdf)
<use ./src//init_type.pdf>
Package pdftex.def Info: ./src//init_type.pdf  used on input line 132.
(pdftex.def)             Requested size: 455.24411pt x 201.28018pt.

[3]
<./src//lr_effet.pdf, id=136, 3083.03822pt x 1361.21132pt>
File: ./src//lr_effet.pdf Graphic file (type pdf)
<use ./src//lr_effet.pdf>
Package pdftex.def Info: ./src//lr_effet.pdf  used on input line 147.
(pdftex.def)             Requested size: 455.24411pt x 200.99501pt.
 [4 <./src//init_type.pdf> <./src//lr_effet.pdf>]
<./src//activation_func.pdf, id=295, 3084.62422pt x 1748.95926pt>
File: ./src//activation_func.pdf Graphic file (type pdf)
<use ./src//activation_func.pdf>
Package pdftex.def Info: ./src//activation_func.pdf  used on input line 179.
(pdftex.def)             Requested size: 455.24411pt x 258.11603pt.
 [5]
Overfull \hbox (6.90286pt too wide) in paragraph at lines 190--191
\OMS/cmsy/m/n/10 !$ \T1/cmtt/m/n/10 Flatten() $\OMS/cmsy/m/n/10 !$ \T1/cmtt/m/n
/10 Linear(4064,100) $\OMS/cmsy/m/n/10 !$ \T1/cmtt/m/n/10 ReLU() $\OMS/cmsy/m/n
/10 !$ \T1/cmtt/m/n/10 Linear(100,10) \T1/cmr/m/n/10 fonc-tionne ex-trê-me-ment
 bien dans
 []

<./src//conv/conv_32batch_zeros.pdf, id=303, 1405.2358pt x 337.38295pt>
File: ./src//conv/conv_32batch_zeros.pdf Graphic file (type pdf)
<use ./src//conv/conv_32batch_zeros.pdf>
Package pdftex.def Info: ./src//conv/conv_32batch_zeros.pdf  used on input line
 198.
(pdftex.def)             Requested size: 455.24411pt x 109.29808pt.
[6 <./src//activation_func.pdf> <./src//conv/conv_32batch_zeros.pdf>]
<./src//conv/conv_batch.pdf, id=444, 2865.72145pt x 1273.36801pt>
File: ./src//conv/conv_batch.pdf Graphic file (type pdf)
<use ./src//conv/conv_batch.pdf>
Package pdftex.def Info: ./src//conv/conv_batch.pdf  used on input line 211.
(pdftex.def)             Requested size: 455.24411pt x 202.2858pt.
<./src//conv/conv_ksize.pdf, id=445, 2865.09851pt x 1276.28822pt>
File: ./src//conv/conv_ksize.pdf Graphic file (type pdf)
<use ./src//conv/conv_ksize.pdf>
Package pdftex.def Info: ./src//conv/conv_ksize.pdf  used on input line 222.
(pdftex.def)             Requested size: 455.24411pt x 202.78865pt.
 [7 <./src//conv/conv_batch.pdf>]
<./src//conv/conv_feature_maps.pdf, id=517, 2865.72145pt x 1273.36801pt>
File: ./src//conv/conv_feature_maps.pdf Graphic file (type pdf)
<use ./src//conv/conv_feature_maps.pdf>
Package pdftex.def Info: ./src//conv/conv_feature_maps.pdf  used on input line 
233.
(pdftex.def)             Requested size: 455.24411pt x 202.2858pt.
 [8 <./src//conv/conv_ksize.pdf> <./src//conv/conv_feature_maps.pdf>]
Overfull \hbox (50.89703pt too wide) in paragraph at lines 242--243
\OMS/cmsy/m/n/10 !$ \T1/cmtt/m/n/10 MaxPool1D(2, 2) $\OMS/cmsy/m/n/10 !$ \T1/cm
tt/m/n/10 Conv1D(3, 32, 32) $\OMS/cmsy/m/n/10 !$ \T1/cmtt/m/n/10 ReLU() $\OMS/c
msy/m/n/10 !$ \T1/cmtt/m/n/10 MaxPool1D(2, 2) $\OMS/cmsy/m/n/10 !$ \T1/cmtt/m/n
/10 Flatten() $\OMS/cmsy/m/n/10 !$ \T1/cmtt/m/n/10 Linear(1984,
 []

<./src//conv/conv_2layers.pdf, id=640, 1403.86176pt x 337.38295pt>
File: ./src//conv/conv_2layers.pdf Graphic file (type pdf)
<use ./src//conv/conv_2layers.pdf>
Package pdftex.def Info: ./src//conv/conv_2layers.pdf  used on input line 246.
(pdftex.def)             Requested size: 455.24411pt x 109.40619pt.

Overfull \hbox (3.65857pt too wide) in paragraph at lines 251--252
\T1/cmtt/m/n/10 64, 1) $\OMS/cmsy/m/n/10 !$ \T1/cmtt/m/n/10 ReLU() $\OMS/cmsy/m
/n/10 !$ \T1/cmtt/m/n/10 MaxPool1D(8, 2) $\OMS/cmsy/m/n/10 !$ \T1/cmtt/m/n/10 C
onv1D(3, 64, 64) $\OMS/cmsy/m/n/10 !$ \T1/cmtt/m/n/10 ReLU() $\OMS/cmsy/m/n/10 
!$ \T1/cmtt/m/n/10 MaxPool1D(8, 2) $\OMS/cmsy/m/n/10 !$
 []


Overfull \hbox (30.39958pt too wide) in paragraph at lines 251--252
\T1/cmtt/m/n/10 Conv1D(3, 64, 64) $\OMS/cmsy/m/n/10 !$ \T1/cmtt/m/n/10 ReLU() $
\OMS/cmsy/m/n/10 !$ \T1/cmtt/m/n/10 MaxPool1D(8, 2) $\OMS/cmsy/m/n/10 !$ \T1/cm
tt/m/n/10 Conv1D(3, 64, 64) $\OMS/cmsy/m/n/10 !$ \T1/cmtt/m/n/10 ReLU() $\OMS/c
msy/m/n/10 !$ \T1/cmtt/m/n/10 MaxPool1D(8,
 []

<./src//conv/conv_4layers.pdf, id=642, 1402.73964pt x 337.5778pt>
File: ./src//conv/conv_4layers.pdf Graphic file (type pdf)
<use ./src//conv/conv_4layers.pdf>
Package pdftex.def Info: ./src//conv/conv_4layers.pdf  used on input line 255.
(pdftex.def)             Requested size: 455.24411pt x 109.55695pt.
[9 <./src//conv/conv_2layers.pdf> <./src//conv/conv_4layers.pdf>]
Overfull \hbox (7.67319pt too wide) in paragraph at lines 273--274
[]\T1/cmr/m/n/10 Nous avons en-trainé un auto-encodeur sur les deux jeux de don
-nées pré-cé-dents (\T1/cmtt/m/n/10 USPS \T1/cmr/m/n/10 et \T1/cmtt/m/n/10 fash
ion-mnist\T1/cmr/m/n/10 ). 
 []

LaTeX Font Info:    Font shape `T1/cmtt/bx/n' in size <10> not available
(Font)              Font shape `T1/cmtt/m/n' tried instead on input line 277.

Overfull \hbox (23.65611pt too wide) in paragraph at lines 282--283
[]\T1/cmtt/m/n/10 Linear(784, 512) $\OMS/cmsy/m/n/10 !$ \T1/cmtt/m/n/10 TanH() 
$\OMS/cmsy/m/n/10 !$ \T1/cmtt/m/n/10 Linear(512, 256) $\OMS/cmsy/m/n/10 !$ \T1/
cmtt/m/n/10 TanH() $\OMS/cmsy/m/n/10 !$ \T1/cmtt/m/n/10 Linear(256, 128) $\OMS/
cmsy/m/n/10 !$ \T1/cmtt/m/n/10 TanH()
 []

<./src//loss_encoder_fashion_3_networks.pdf, id=730, 1362.40266pt x 437.9562pt>

File: ./src//loss_encoder_fashion_3_networks.pdf Graphic file (type pdf)
<use ./src//loss_encoder_fashion_3_networks.pdf>
Package pdftex.def Info: ./src//loss_encoder_fashion_3_networks.pdf  used on in
put line 291.
(pdftex.def)             Requested size: 341.43307pt x 109.75607pt.
<./src//reconstruction_per_network_cplxity.pdf, id=732, 1810.90553pt x 458.4233
pt>
File: ./src//reconstruction_per_network_cplxity.pdf Graphic file (type pdf)
<use ./src//reconstruction_per_network_cplxity.pdf>
Package pdftex.def Info: ./src//reconstruction_per_network_cplxity.pdf  used on
 input line 298.
(pdftex.def)             Requested size: 341.43307pt x 86.42981pt.
<./src//encoder_decoder_middle_func_simple_net.pdf, id=735, 3082.69612pt x 1251
.46367pt>
File: ./src//encoder_decoder_middle_func_simple_net.pdf Graphic file (type pdf)

<use ./src//encoder_decoder_middle_func_simple_net.pdf>
Package pdftex.def Info: ./src//encoder_decoder_middle_func_simple_net.pdf  use
d on input line 307.
(pdftex.def)             Requested size: 455.24411pt x 184.80888pt.
[10] [11 <./src//loss_encoder_fashion_3_networks.pdf> <./src//reconstruction_pe
r_network_cplxity.pdf> <./src//encoder_decoder_middle_func_simple_net.pdf>]
<./src//reconstruction_per_epoch_simple_model.pdf, id=896, 1391.4531pt x 264.50
82pt>
File: ./src//reconstruction_per_epoch_simple_model.pdf Graphic file (type pdf)
<use ./src//reconstruction_per_epoch_simple_model.pdf>
Package pdftex.def Info: ./src//reconstruction_per_epoch_simple_model.pdf  used
 on input line 318.
(pdftex.def)             Requested size: 455.24411pt x 86.53726pt.
<./src//reconstruction_per_epoch_big_model.pdf, id=898, 1391.4531pt x 264.5082p
t>
File: ./src//reconstruction_per_epoch_big_model.pdf Graphic file (type pdf)
<use ./src//reconstruction_per_epoch_big_model.pdf>
Package pdftex.def Info: ./src//reconstruction_per_epoch_big_model.pdf  used on
 input line 325.
(pdftex.def)             Requested size: 455.24411pt x 86.53726pt.
<./src//tsne_mnist_train_big.pdf, id=902, 1871.79305pt x 462.52798pt>
File: ./src//tsne_mnist_train_big.pdf Graphic file (type pdf)
<use ./src//tsne_mnist_train_big.pdf>
Package pdftex.def Info: ./src//tsne_mnist_train_big.pdf  used on input line 33
6.
(pdftex.def)             Requested size: 341.43307pt x 84.36653pt.
<./src//tsne_usps_train_big.pdf, id=904, 1871.79305pt x 462.52798pt>
File: ./src//tsne_usps_train_big.pdf Graphic file (type pdf)
<use ./src//tsne_usps_train_big.pdf>
Package pdftex.def Info: ./src//tsne_usps_train_big.pdf  used on input line 343
.
(pdftex.def)             Requested size: 341.43307pt x 84.36653pt.

[12 <./src//reconstruction_per_epoch_simple_model.pdf> <./src//reconstruction_p
er_epoch_big_model.pdf> <./src//tsne_mnist_train_big.pdf>]
<./src//reconstruct_noisy_all_simple.pdf, id=1075, 1438.17305pt x 501.2789pt>
File: ./src//reconstruct_noisy_all_simple.pdf Graphic file (type pdf)
<use ./src//reconstruct_noisy_all_simple.pdf>
Package pdftex.def Info: ./src//reconstruct_noisy_all_simple.pdf  used on input
 line 361.
(pdftex.def)             Requested size: 455.24411pt x 158.67622pt.
<./src//reconstruct_noisy_all_medium.pdf, id=1078, 1438.17305pt x 501.2789pt>
File: ./src//reconstruct_noisy_all_medium.pdf Graphic file (type pdf)
<use ./src//reconstruct_noisy_all_medium.pdf>
Package pdftex.def Info: ./src//reconstruct_noisy_all_medium.pdf  used on input
 line 370.
(pdftex.def)             Requested size: 455.24411pt x 158.67622pt.
 [13 <./src//tsne_usps_train_big.pdf> <./src//reconstruct_noisy_all_simple.pdf>
]
<./src//reconstruct_noisy_all_big.pdf, id=1186, 1438.17305pt x 501.2789pt>
File: ./src//reconstruct_noisy_all_big.pdf Graphic file (type pdf)
<use ./src//reconstruct_noisy_all_big.pdf>
Package pdftex.def Info: ./src//reconstruct_noisy_all_big.pdf  used on input li
ne 379.
(pdftex.def)             Requested size: 455.24411pt x 158.67622pt.
<./src//reconstruct_noisy_chaussure.pdf, id=1192, 955.5355pt x 715.70763pt>
File: ./src//reconstruct_noisy_chaussure.pdf Graphic file (type pdf)
<use ./src//reconstruct_noisy_chaussure.pdf>
Package pdftex.def Info: ./src//reconstruct_noisy_chaussure.pdf  used on input 
line 388.
(pdftex.def)             Requested size: 455.24411pt x 340.98029pt.
<./src//reconstruct_noisy_sac.pdf, id=1194, 955.5355pt x 715.70763pt>
File: ./src//reconstruct_noisy_sac.pdf Graphic file (type pdf)
<use ./src//reconstruct_noisy_sac.pdf>
Package pdftex.def Info: ./src//reconstruct_noisy_sac.pdf  used on input line 3
95.
(pdftex.def)             Requested size: 455.24411pt x 340.98029pt.
<./src//reconstruct_noisy_pantalon.pdf, id=1196, 955.5355pt x 715.70763pt>
File: ./src//reconstruct_noisy_pantalon.pdf Graphic file (type pdf)
<use ./src//reconstruct_noisy_pantalon.pdf>
Package pdftex.def Info: ./src//reconstruct_noisy_pantalon.pdf  used on input l
ine 403.
(pdftex.def)             Requested size: 455.24411pt x 340.98029pt.
<./src//reconstruct_noisy_coat.pdf, id=1198, 955.5355pt x 715.70763pt>
File: ./src//reconstruct_noisy_coat.pdf Graphic file (type pdf)
<use ./src//reconstruct_noisy_coat.pdf>
Package pdftex.def Info: ./src//reconstruct_noisy_coat.pdf  used on input line 
411.
(pdftex.def)             Requested size: 455.24411pt x 340.98029pt.

Overfull \hbox (14.156pt too wide) in paragraph at lines 419--420
\T1/cmtt/m/n/10 ReLU() $\OMS/cmsy/m/n/10 !$ \T1/cmtt/m/n/10 MaxPool1D(2, 1) $\O
MS/cmsy/m/n/10 !$ \T1/cmtt/m/n/10 Conv1D(3, 16, 16) $\OMS/cmsy/m/n/10 !$ \T1/cm
tt/m/n/10 ReLU() $\OMS/cmsy/m/n/10 !$ \T1/cmtt/m/n/10 Conv1D(2, 16, 32) $\OMS/c
msy/m/n/10 !$ \T1/cmtt/m/n/10 ReLU() $\OMS/cmsy/m/n/10 !$
 []

[14 <./src//reconstruct_noisy_all_medium.pdf> <./src//reconstruct_noisy_all_big
.pdf>] [15 <./src//reconstruct_noisy_chaussure.pdf>] [16 <./src//reconstruct_no
isy_sac.pdf>] [17 <./src//reconstruct_noisy_pantalon.pdf>] [18 <./src//reconstr
uct_noisy_coat.pdf>] [19] (./report.aux)
Package rerunfilecheck Info: File `report.out' has not changed.
(rerunfilecheck)             Checksum: 74ED164B78A424E785129F859133C320;3078.
 ) 
Here is how much of TeX's memory you used:
 19867 strings out of 476024
 350664 string characters out of 5786996
 1864382 words of memory out of 5000000
 39938 multiletter control sequences out of 15000+600000
 525840 words of font info for 57 fonts, out of 8000000 for 9000
 1141 hyphenation exceptions out of 8191
 77i,10n,81p,1112b,549s stack positions out of 10000i,1000n,20000p,200000b,200000s
{c:/Program Files/texlive/2022/texmf-dist/fonts/enc/dvips/cm-super/cm-super-t
s1.enc}{c:/Program Files/texlive/2022/texmf-dist/fonts/enc/dvips/cm-super/cm-su
per-t1.enc}<c:/Program Files/texlive/2022/texmf-dist/fonts/type1/public/amsfont
s/cm/cmex10.pfb><c:/Program Files/texlive/2022/texmf-dist/fonts/type1/public/am
sfonts/cm/cmmi10.pfb><c:/Program Files/texlive/2022/texmf-dist/fonts/type1/publ
ic/amsfonts/cm/cmr10.pfb><c:/Program Files/texlive/2022/texmf-dist/fonts/type1/
public/amsfonts/cm/cmr7.pfb><c:/Program Files/texlive/2022/texmf-dist/fonts/typ
e1/public/amsfonts/cm/cmsy10.pfb><c:/Program Files/texlive/2022/texmf-dist/font
s/type1/public/cm-super/sfbi1000.pfb><c:/Program Files/texlive/2022/texmf-dist/
fonts/type1/public/cm-super/sfbx1000.pfb><c:/Program Files/texlive/2022/texmf-d
ist/fonts/type1/public/cm-super/sfbx1200.pfb><c:/Program Files/texlive/2022/tex
mf-dist/fonts/type1/public/cm-super/sfbx1440.pfb><c:/Program Files/texlive/2022
/texmf-dist/fonts/type1/public/cm-super/sfbx2488.pfb><c:/Program Files/texlive/
2022/texmf-dist/fonts/type1/public/cm-super/sfcc1000.pfb><c:/Program Files/texl
ive/2022/texmf-dist/fonts/type1/public/cm-super/sfcc1440.pfb><c:/Program Files/
texlive/2022/texmf-dist/fonts/type1/public/cm-super/sfrm0700.pfb><c:/Program Fi
les/texlive/2022/texmf-dist/fonts/type1/public/cm-super/sfrm1000.pfb><c:/Progra
m Files/texlive/2022/texmf-dist/fonts/type1/public/cm-super/sfrm1200.pfb><c:/Pr
ogram Files/texlive/2022/texmf-dist/fonts/type1/public/cm-super/sfrm1440.pfb><c
:/Program Files/texlive/2022/texmf-dist/fonts/type1/public/cm-super/sfrm1728.pf
b><c:/Program Files/texlive/2022/texmf-dist/fonts/type1/public/cm-super/sfti100
0.pfb><c:/Program Files/texlive/2022/texmf-dist/fonts/type1/public/cm-super/sft
t1000.pfb>
Output written on report.pdf (20 pages, 3876466 bytes).
PDF statistics:
 1761 PDF objects out of 2073 (max. 8388607)
 750 compressed objects within 8 object streams
 65 named destinations out of 1000 (max. 500000)
 346 words of extra memory for PDF output out of 10000 (max. 10000000)

